<?xml version="1.0" encoding="UTF-8"?>
<!-- Generated by org.testng.reporters.JUnitReportReporter -->
<testsuite hostname="LAPTOP-6OACLVLF" failures="0" tests="1" name="com.SampleProject.AppSignUpTestCase" time="9.200" errors="0" timestamp="2021-05-28T21:22:54 IST" skipped="0">
  <testcase classname="com.SampleProject.AppSignUpTestCase" name="createaccount" time="9.200"/>
  <system-out/>
</testsuite> <!-- com.SampleProject.AppSignUpTestCase -->
