<?xml version="1.0" encoding="UTF-8"?>
<!-- Generated by org.testng.reporters.JUnitReportReporter -->
<testsuite hostname="LAPTOP-6OACLVLF" failures="0" tests="2" name="com.SampleProject.AppBasicContactFormTestCase" time="19.253" errors="0" timestamp="2021-05-28T21:22:54 IST" skipped="0">
  <testcase classname="com.SampleProject.AppBasicContactFormTestCase" name="verifycontact" time="12.172"/>
  <system-out/>
  <testcase classname="com.SampleProject.AppBasicContactFormTestCase" name="verifybasicontactlink" time="7.081"/>
  <system-out/>
</testsuite> <!-- com.SampleProject.AppBasicContactFormTestCase -->
