<?xml version="1.0" encoding="UTF-8"?>
<!-- Generated by org.testng.reporters.JUnitReportReporter -->
<testsuite hostname="LAPTOP-6OACLVLF" failures="0" tests="1" name="com.SampleProject.AppLoginTest" time="26.016" errors="0" timestamp="2021-05-28T21:22:54 IST" skipped="0">
  <testcase classname="com.SampleProject.AppLoginTest" name="verifyInvalidLogin" time="26.016"/>
  <system-out/>
</testsuite> <!-- com.SampleProject.AppLoginTest -->
